[INFO] === analyze-portability v1.1.0 ===
[INFO] Source: /home/user/workspace/portability_stress_projects/directshow_camera
[INFO] Output: /home/user/workspace/analyze-portability/examples/stress_projects/directshow_camera
[VERB] Source dir : /home/user/workspace/portability_stress_projects/directshow_camera
[VERB] Output dir : /home/user/workspace/analyze-portability/examples/stress_projects/directshow_camera
[VERB] Build  dir : /tmp/anaport_0kKjQK
[VERB] Wrote File API query file: /tmp/anaport_0kKjQK/.cmake/api/v1/query/codemodel-v2
[INFO] Running: cmake -S /home/user/workspace/portability_stress_projects/directshow_camera -B /tmp/anaport_0kKjQK
-- The CXX compiler identification is GNU 14.2.0
-- Detecting CXX compiler ABI info
-- Detecting CXX compiler ABI info - done
-- Check for working CXX compiler: /usr/bin/c++ - skipped
-- Detecting CXX compile features
-- Detecting CXX compile features - done
Window SDK Path not found. Please set the absolute path in the /home/user/workspace/portability_stress_projects/directshow_camera/config/window_sdk_path.txt or add a argument: cmake -DCMAKE_WINDOWS_KITS_10_DIR=Your/Window10SDK/Absolute/Path
CMake Warning (dev) at /usr/share/cmake-3.31/Modules/FetchContent.cmake:1373 (message):
  The DOWNLOAD_EXTRACT_TIMESTAMP option was not given and policy CMP0135 is
  not set.  The policy's OLD behavior will be used.  When using a URL
  download, the timestamps of extracted files should preferably be that of
  the time of extraction, otherwise code that depends on the extracted
  contents might not be rebuilt if the URL changes.  The OLD behavior
  preserves the timestamps from the archive instead, but this is usually not
  what you want.  Update your project to the NEW behavior or specify the
  DOWNLOAD_EXTRACT_TIMESTAMP option with a value of true to avoid this
  robustness issue.
Call Stack (most recent call first):
  cmake/InstallOpenCV.cmake:15 (FetchContent_Declare)
  CMakeLists.txt:35 (install_opencv)
This warning is for project developers.  Use -Wno-dev to suppress it.

Start to download Opencv....
Finished to download Opencv.
-- OpenCV ARCH: 
-- OpenCV RUNTIME: 
-- OpenCV STATIC: OFF
CMake Warning at /tmp/anaport_0kKjQK/_deps/opencv-src/build/OpenCVConfig.cmake:190 (message):
  Found OpenCV Windows Pack but it has no binaries compatible with your
  configuration.

  You should manually point CMake variable OpenCV_DIR to your build of OpenCV
  library.
Call Stack (most recent call first):
  cmake/InstallOpenCV.cmake:29 (find_package)
  CMakeLists.txt:35 (install_opencv)


CMake Error at cmake/InstallOpenCV.cmake:29 (find_package):
  Found package configuration file:

    /tmp/anaport_0kKjQK/_deps/opencv-src/build/OpenCVConfig.cmake

  but it set OpenCV_FOUND to FALSE so package "OpenCV" is considered to be
  NOT FOUND.
Call Stack (most recent call first):
  CMakeLists.txt:35 (install_opencv)


-- Configuring incomplete, errors occurred!
[WARN] cmake configure exited with code 1
[ERR]  cmake configure failed (exit code 1)
[ERR]  Analysis will proceed with partial File API data if available.
[WARN] File API reply unavailable after configure failure — generating diagnostic failure report.
[VERB] compile_commands.json not found at: /tmp/anaport_0kKjQK/compile_commands.json
[INFO] Found CMakeCache.txt: /tmp/anaport_0kKjQK/CMakeCache.txt
[INFO] CMakeCache.txt: parsed 130 total variables, 55 interesting
[INFO] Written (failure report): /home/user/workspace/analyze-portability/examples/stress_projects/directshow_camera/report.json
[INFO] Written (failure report): /home/user/workspace/analyze-portability/examples/stress_projects/directshow_camera/report.md
[INFO] Written (failure report): /home/user/workspace/analyze-portability/examples/stress_projects/directshow_camera/dependencies.dot

=== Configure failed — diagnostic failure report written ===
configure exit code: 1
error: CMake File API reply dir not found: /tmp/anaport_0kKjQK/.cmake/api/v1/reply
  Did cmake configure succeed?
Reports written to: /home/user/workspace/analyze-portability/examples/stress_projects/directshow_camera
  report.json       — configure failure diagnostic
  report.md         — configure failure diagnostic
  dependencies.dot  — empty graph (no data)
[VERB] Removed build directory: /tmp/anaport_0kKjQK
